#
# There is insufficient memory for the Java Runtime Environment to continue.
# Native memory allocation (mmap) failed to map 149946368 bytes for Failed to commit area from 0x000000008e300000 to 0x0000000097200000 of length 149946368.
# Possible reasons:
#   The system is out of physical RAM or swap space
#   The process is running with CompressedOops enabled, and the Java Heap may be blocking the growth of the native heap
# Possible solutions:
#   Reduce memory load on the system
#   Increase physical memory or swap space
#   Check if swap backing store is full
#   Decrease Java heap size (-Xmx/-Xms)
#   Decrease number of Java threads
#   Decrease Java thread stack sizes (-Xss)
#   Set larger code cache with -XX:ReservedCodeCacheSize=
#   JVM is running with Unscaled Compressed Oops mode in which the Java heap is
#     placed in the first 4GB address space. The Java Heap base address is the
#     maximum limit for the native heap growth. Please use -XX:HeapBaseMinAddress
#     to set the Java Heap base and to place the Java Heap above 4GB virtual address.
# This output file may be truncated or incomplete.
#
#  Out of Memory Error (./src/hotspot/os/windows/os_windows.cpp:3619), pid=4288, tid=976
#
# JRE version: OpenJDK Runtime Environment (11.0.13) (build 11.0.13+0-b1751.21-8125866)
# Java VM: OpenJDK 64-Bit Server VM (11.0.13+0-b1751.21-8125866, mixed mode, tiered, compressed oops, g1 gc, windows-amd64)
# No core dump will be written. Minidumps are not enabled by default on client versions of Windows
#

---------------  S U M M A R Y ------------

Command Line: --add-opens=java.base/java.util=ALL-UNNAMED --add-opens=java.base/java.lang=ALL-UNNAMED --add-opens=java.base/java.lang.invoke=ALL-UNNAMED --add-opens=java.base/java.util=ALL-UNNAMED --add-opens=java.prefs/java.util.prefs=ALL-UNNAMED --add-opens=java.prefs/java.util.prefs=ALL-UNNAMED --add-opens=java.base/java.nio.charset=ALL-UNNAMED --add-opens=java.base/java.net=ALL-UNNAMED --add-opens=java.base/java.util.concurrent.atomic=ALL-UNNAMED -Xmx2048m -Dfile.encoding=UTF-8 -Duser.country=ID -Duser.language=en -Duser.variant org.gradle.launcher.daemon.bootstrap.GradleDaemon 7.4

Host: AMD A9-9420 RADEON R5, 5 COMPUTE CORES 2C+3G   , 2 cores, 3G,  Windows 10 , 64 bit Build 19041 (10.0.19041.2364)
Time: Fri Dec 23 19:07:54 2022 SE Asia Standard Time elapsed time: 174.897420 seconds (0d 0h 2m 54s)

---------------  T H R E A D  ---------------

Current thread (0x000002657fb97000):  VMThread "VM Thread" [stack: 0x000000d501d00000,0x000000d501e00000] [id=976]

Stack: [0x000000d501d00000,0x000000d501e00000]
[error occurred during error reporting (printing stack bounds), id 0xc0000005, EXCEPTION_ACCESS_VIOLATION (0xc0000005) at pc=0x000002656d82112d]

Native frames: (J=compiled Java code, j=interpreted, Vv=VM code, C=native code)
V  [jvm.dll+0x6100fa]
V  [jvm.dll+0x747090]
V  [jvm.dll+0x7486ad]
V  [jvm.dll+0x748ce5]
V  [jvm.dll+0x748c9b]
V  [jvm.dll+0x60f224]
V  [jvm.dll+0x60f9b8]
C  [ntdll.dll+0xa241f]
C  [ntdll.dll+0x514a4]
C  [ntdll.dll+0xa0f4e]
C  0x000002656d82112d

VM_Operation (0x000000d5062fd6e0): G1CollectForAllocation, mode: safepoint, requested by thread 0x000002650cb19000


---------------  P R O C E S S  ---------------

Threads class SMR info:
_java_thread_list=0x0000026508950850, length=68, elements={
0x00000265684e8800, 0x000002657fb9c000, 0x000002657fb9d000, 0x000002657fbf8800,
0x000002657fbf9800, 0x000002657fbfc000, 0x000002657fc01000, 0x000002657fc27000,
0x0000026504830800, 0x0000026504924800, 0x0000026504d51000, 0x0000026505546800,
0x0000026506b3d800, 0x0000026505987800, 0x000002650610e800, 0x0000026504b36000,
0x00000265052b8000, 0x00000265052b8800, 0x00000265054ad000, 0x00000265067dd000,
0x00000265067dc000, 0x00000265067d7000, 0x00000265067d9800, 0x00000265067da800,
0x00000265067d9000, 0x00000265067db000, 0x00000265067d8000, 0x0000026504de9800,
0x0000026504df0000, 0x0000026504deb000, 0x0000026504def000, 0x0000026504deb800,
0x0000026504ded800, 0x0000026504df2800, 0x0000026504dee000, 0x0000026504df0800,
0x0000026504dec800, 0x0000026504df5800, 0x0000026504df7000, 0x0000026504df1800,
0x0000026504df8000, 0x0000026504df3000, 0x0000026504df4000, 0x0000026504df4800,
0x0000026504df6800, 0x00000265070c9800, 0x00000265070c7000, 0x00000265070c4000,
0x00000265070c8000, 0x00000265070c4800, 0x00000265070c5800, 0x00000265070c9000,
0x00000265070ca800, 0x00000265070cb800, 0x00000265070cc000, 0x00000265070c6800,
0x00000265070cd800, 0x00000265070d0000, 0x00000265070cf800, 0x00000265070d2000,
0x00000265070ce800, 0x00000265070cd000, 0x00000265067dd800, 0x00000265070d1000,
0x000002650cb1c800, 0x000002650cb1e000, 0x000002650cb1a000, 0x000002650cb19000
}

Java Threads: ( => current thread )
  0x00000265684e8800 JavaThread "main" [_thread_blocked, id=5180, stack(0x000000d501700000,0x000000d501800000)]
  0x000002657fb9c000 JavaThread "Reference Handler" daemon [_thread_blocked, id=3504, stack(0x000000d501e00000,0x000000d501f00000)]
  0x000002657fb9d000 JavaThread "Finalizer" daemon [_thread_blocked, id=7124, stack(0x000000d501f00000,0x000000d502000000)]
  0x000002657fbf8800 JavaThread "Signal Dispatcher" daemon [_thread_blocked, id=6152, stack(0x000000d502000000,0x000000d502100000)]
  0x000002657fbf9800 JavaThread "Attach Listener" daemon [_thread_blocked, id=1824, stack(0x000000d502100000,0x000000d502200000)]
  0x000002657fbfc000 JavaThread "Service Thread" daemon [_thread_blocked, id=2640, stack(0x000000d502200000,0x000000d502300000)]
  0x000002657fc01000 JavaThread "C2 CompilerThread0" daemon [_thread_blocked, id=6336, stack(0x000000d502300000,0x000000d502400000)]
  0x000002657fc27000 JavaThread "C1 CompilerThread0" daemon [_thread_blocked, id=2696, stack(0x000000d502400000,0x000000d502500000)]
  0x0000026504830800 JavaThread "Sweeper thread" daemon [_thread_blocked, id=8132, stack(0x000000d502500000,0x000000d502600000)]
  0x0000026504924800 JavaThread "Common-Cleaner" daemon [_thread_blocked, id=656, stack(0x000000d502600000,0x000000d502700000)]
  0x0000026504d51000 JavaThread "Daemon health stats" [_thread_blocked, id=7396, stack(0x000000d502900000,0x000000d502a00000)]
  0x0000026505546800 JavaThread "Incoming local TCP Connector on port 51163" [_thread_in_native, id=5640, stack(0x000000d502a00000,0x000000d502b00000)]
  0x0000026506b3d800 JavaThread "Daemon periodic checks" [_thread_blocked, id=1912, stack(0x000000d502b00000,0x000000d502c00000)]
  0x0000026505987800 JavaThread "Daemon" [_thread_blocked, id=7512, stack(0x000000d502c00000,0x000000d502d00000)]
  0x000002650610e800 JavaThread "Handler for socket connection from /127.0.0.1:51163 to /127.0.0.1:51166" [_thread_in_native, id=4376, stack(0x000000d502d00000,0x000000d502e00000)]
  0x0000026504b36000 JavaThread "Cancel handler" [_thread_blocked, id=4312, stack(0x000000d502e00000,0x000000d502f00000)]
  0x00000265052b8000 JavaThread "Daemon worker" [_thread_blocked, id=7780, stack(0x000000d502f00000,0x000000d503000000)]
  0x00000265052b8800 JavaThread "Asynchronous log dispatcher for DefaultDaemonConnection: socket connection from /127.0.0.1:51163 to /127.0.0.1:51166" [_thread_blocked, id=1648, stack(0x000000d503000000,0x000000d503100000)]
  0x00000265054ad000 JavaThread "Daemon client event forwarder" [_thread_blocked, id=5316, stack(0x000000d503200000,0x000000d503300000)]
  0x00000265067dd000 JavaThread "Cache worker for journal cache (C:\Users\MARCO\.gradle\caches\journal-1)" [_thread_blocked, id=3564, stack(0x000000d503300000,0x000000d503400000)]
  0x00000265067dc000 JavaThread "File lock request listener" [_thread_in_native, id=1184, stack(0x000000d503400000,0x000000d503500000)]
  0x00000265067d7000 JavaThread "Cache worker for file hash cache (C:\Users\MARCO\.gradle\caches\7.4\fileHashes)" [_thread_blocked, id=2676, stack(0x000000d503500000,0x000000d503600000)]
  0x00000265067d9800 JavaThread "Cache worker for file hash cache (C:\Users\MARCO\Downloads\MyLibrary\MyLibrary\.gradle\7.4\fileHashes)" [_thread_blocked, id=5340, stack(0x000000d503700000,0x000000d503800000)]
  0x00000265067da800 JavaThread "Cache worker for checksums cache (C:\Users\MARCO\Downloads\MyLibrary\MyLibrary\.gradle\7.4\checksums)" [_thread_blocked, id=3972, stack(0x000000d503800000,0x000000d503900000)]
  0x00000265067d9000 JavaThread "File watcher server" daemon [_thread_blocked, id=7496, stack(0x000000d501500000,0x000000d501600000)]
  0x00000265067db000 JavaThread "File watcher consumer" daemon [_thread_blocked, id=7872, stack(0x000000d501600000,0x000000d501700000)]
  0x00000265067d8000 JavaThread "Cache worker for cache directory md-rule (C:\Users\MARCO\.gradle\caches\7.4\md-rule)" [_thread_blocked, id=5260, stack(0x000000d503b00000,0x000000d503c00000)]
  0x0000026504de9800 JavaThread "Cache worker for cache directory md-supplier (C:\Users\MARCO\.gradle\caches\7.4\md-supplier)" [_thread_blocked, id=5024, stack(0x000000d503c00000,0x000000d503d00000)]
  0x0000026504df0000 JavaThread "Cache worker for execution history cache (C:\Users\MARCO\.gradle\caches\7.4\executionHistory)" [_thread_blocked, id=6532, stack(0x000000d503d00000,0x000000d503e00000)]
  0x0000026504deb000 JavaThread "jar transforms" [_thread_blocked, id=7284, stack(0x000000d503e00000,0x000000d503f00000)]
  0x0000026504def000 JavaThread "Cache worker for file content cache (C:\Users\MARCO\.gradle\caches\7.4\fileContent)" [_thread_blocked, id=5016, stack(0x000000d503f00000,0x000000d504000000)]
  0x0000026504deb800 JavaThread "jar transforms Thread 2" [_thread_blocked, id=6772, stack(0x000000d504000000,0x000000d504100000)]
  0x0000026504ded800 JavaThread "Cache worker for dependencies-accessors (C:\Users\MARCO\Downloads\MyLibrary\MyLibrary\.gradle\7.4\dependencies-accessors)" [_thread_blocked, id=7728, stack(0x000000d504100000,0x000000d504200000)]
  0x0000026504df2800 JavaThread "Cache worker for Build Output Cleanup Cache (C:\Users\MARCO\Downloads\MyLibrary\MyLibrary\.gradle\buildOutputCleanup)" [_thread_blocked, id=3368, stack(0x000000d504200000,0x000000d504300000)]
  0x0000026504dee000 JavaThread "Unconstrained build operations" [_thread_blocked, id=6104, stack(0x000000d504300000,0x000000d504400000)]
  0x0000026504df0800 JavaThread "Unconstrained build operations Thread 2" [_thread_blocked, id=2608, stack(0x000000d504400000,0x000000d504500000)]
  0x0000026504dec800 JavaThread "Unconstrained build operations Thread 3" [_thread_blocked, id=1236, stack(0x000000d504500000,0x000000d504600000)]
  0x0000026504df5800 JavaThread "Unconstrained build operations Thread 4" [_thread_blocked, id=6260, stack(0x000000d504600000,0x000000d504700000)]
  0x0000026504df7000 JavaThread "Unconstrained build operations Thread 5" [_thread_blocked, id=7792, stack(0x000000d504700000,0x000000d504800000)]
  0x0000026504df1800 JavaThread "Unconstrained build operations Thread 6" [_thread_blocked, id=4484, stack(0x000000d504800000,0x000000d504900000)]
  0x0000026504df8000 JavaThread "Unconstrained build operations Thread 7" [_thread_blocked, id=6240, stack(0x000000d504900000,0x000000d504a00000)]
  0x0000026504df3000 JavaThread "Unconstrained build operations Thread 8" [_thread_blocked, id=1384, stack(0x000000d504a00000,0x000000d504b00000)]
  0x0000026504df4000 JavaThread "Unconstrained build operations Thread 9" [_thread_blocked, id=4996, stack(0x000000d504b00000,0x000000d504c00000)]
  0x0000026504df4800 JavaThread "Unconstrained build operations Thread 10" [_thread_blocked, id=8036, stack(0x000000d504c00000,0x000000d504d00000)]
  0x0000026504df6800 JavaThread "Unconstrained build operations Thread 11" [_thread_blocked, id=5588, stack(0x000000d504d00000,0x000000d504e00000)]
  0x00000265070c9800 JavaThread "Unconstrained build operations Thread 12" [_thread_blocked, id=8112, stack(0x000000d504e00000,0x000000d504f00000)]
  0x00000265070c7000 JavaThread "Unconstrained build operations Thread 13" [_thread_blocked, id=3736, stack(0x000000d504f00000,0x000000d505000000)]
  0x00000265070c4000 JavaThread "Unconstrained build operations Thread 14" [_thread_blocked, id=5896, stack(0x000000d505000000,0x000000d505100000)]
  0x00000265070c8000 JavaThread "Unconstrained build operations Thread 15" [_thread_blocked, id=8016, stack(0x000000d505100000,0x000000d505200000)]
  0x00000265070c4800 JavaThread "Unconstrained build operations Thread 16" [_thread_blocked, id=6808, stack(0x000000d505200000,0x000000d505300000)]
  0x00000265070c5800 JavaThread "Unconstrained build operations Thread 17" [_thread_blocked, id=3132, stack(0x000000d505300000,0x000000d505400000)]
  0x00000265070c9000 JavaThread "Unconstrained build operations Thread 18" [_thread_blocked, id=8108, stack(0x000000d505400000,0x000000d505500000)]
  0x00000265070ca800 JavaThread "Unconstrained build operations Thread 19" [_thread_blocked, id=3280, stack(0x000000d505500000,0x000000d505600000)]
  0x00000265070cb800 JavaThread "Unconstrained build operations Thread 20" [_thread_blocked, id=6832, stack(0x000000d505600000,0x000000d505700000)]
  0x00000265070cc000 JavaThread "Configuration cache report writer" [_thread_blocked, id=1472, stack(0x000000d505700000,0x000000d505800000)]
  0x00000265070c6800 JavaThread "Memory manager" [_thread_blocked, id=7056, stack(0x000000d505800000,0x000000d505900000)]
  0x00000265070cd800 JavaThread "build event listener" [_thread_blocked, id=5772, stack(0x000000d503100000,0x000000d503200000)]
  0x00000265070d0000 JavaThread "included builds" [_thread_blocked, id=32, stack(0x000000d503600000,0x000000d503700000)]
  0x00000265070cf800 JavaThread "Execution worker for ':'" [_thread_blocked, id=1660, stack(0x000000d503900000,0x000000d503a00000)]
  0x00000265070d2000 JavaThread "Cache worker for execution history cache (C:\Users\MARCO\Downloads\MyLibrary\MyLibrary\.gradle\7.4\executionHistory)" [_thread_blocked, id=1840, stack(0x000000d505900000,0x000000d505a00000)]
  0x00000265070ce800 JavaThread "WorkerExecutor Queue" [_thread_blocked, id=5776, stack(0x000000d505a00000,0x000000d505b00000)]
  0x00000265070cd000 JavaThread "WorkerExecutor Queue Thread 2" [_thread_blocked, id=2160, stack(0x000000d505c00000,0x000000d505d00000)]
  0x00000265067dd800 JavaThread "pool-3-thread-1" [_thread_blocked, id=7212, stack(0x000000d505d00000,0x000000d505e00000)]
  0x00000265070d1000 JavaThread "stderr" [_thread_in_native, id=2936, stack(0x000000d505e00000,0x000000d505f00000)]
  0x000002650cb1c800 JavaThread "stdout" [_thread_in_native, id=7228, stack(0x000000d505f00000,0x000000d506000000)]
  0x000002650cb1e000 JavaThread "WorkerExecutor Queue Thread 3" [_thread_blocked, id=4560, stack(0x000000d506000000,0x000000d506100000)]
  0x000002650cb1a000 JavaThread "ForkJoinPool-1-worker-3" daemon [_thread_blocked, id=4284, stack(0x000000d506100000,0x000000d506200000)]
  0x000002650cb19000 JavaThread "ForkJoinPool-1-worker-1" daemon [_thread_blocked, id=7940, stack(0x000000d506200000,0x000000d506300000)]

Other Threads:
=>0x000002657fb97000 VMThread "VM Thread" [stack: 0x000000d501d00000,0x000000d501e00000] [id=976]
  0x000002650493c000 WatcherThread [stack: 0x000000d502700000,0x000000d502800000] [id=7448]
  0x0000026568502000 GCTaskThread "GC Thread#0" [stack: 0x000000d501800000,0x000000d501900000] [id=4696]
  0x0000026504b11800 GCTaskThread "GC Thread#1" [stack: 0x000000d502800000,0x000000d502900000] [id=6708]
  0x0000026568532800 ConcurrentGCThread "G1 Main Marker" [stack: 0x000000d501900000,0x000000d501a00000] [id=6956]
  0x0000026568533800 ConcurrentGCThread "G1 Conc#0" [stack: 0x000000d501a00000,0x000000d501b00000] [id=3408]
  0x0000026568572800 ConcurrentGCThread "G1 Refine#0" [stack: 0x000000d501b00000,0x000000d501c00000] [id=2244]
  0x0000026568573800 ConcurrentGCThread "G1 Young RemSet Sampling" [stack: 0x000000d501c00000,0x000000d501d00000] [id=3824]

Threads with active compile tasks:
C2 CompilerThread0 174955 13291       4       com.android.tools.r8.dex.i::a (829 bytes)

VM state:at safepoint (normal execution)

VM Mutex/Monitor currently owned by a thread:  ([mutex/lock_event])
[0x00000265684e5180] Threads_lock - owner thread: 0x000002657fb97000
[0x00000265684e4be0] Heap_lock - owner thread: 0x000002650cb19000

Heap address: 0x0000000080000000, size: 2048 MB, Compressed Oops mode: 32-bit
Narrow klass base: 0x0000000000000000, Narrow klass shift: 3
Compressed class space size: 1073741824 Address: 0x0000000100000000

Heap:
 garbage-first heap   total 378880K, used 192512K [0x0000000080000000, 0x0000000100000000)
  region size 1024K, 2 young (2048K), 2 survivors (2048K)
 Metaspace       used 102985K, capacity 105319K, committed 105424K, reserved 1140736K
  class space    used 13237K, capacity 14124K, committed 14208K, reserved 1048576K
Heap Regions: E=young(eden), S=young(survivor), O=old, HS=humongous(starts), HC=humongous(continues), CS=collection set, F=free, A=archive, TAMS=top-at-mark-start (previous, next)
|   0|0x0000000080000000, 0x0000000080100000, 0x0000000080100000|100%| O|  |TAMS 0x0000000080100000, 0x0000000080000000| Untracked 
|   1|0x0000000080100000, 0x0000000080200000, 0x0000000080200000|100%| O|  |TAMS 0x0000000080200000, 0x0000000080100000| Complete 
|   2|0x0000000080200000, 0x0000000080300000, 0x0000000080300000|100%| O|  |TAMS 0x0000000080300000, 0x0000000080200000| Untracked 
|   3|0x0000000080300000, 0x0000000080400000, 0x0000000080400000|100%| O|  |TAMS 0x0000000080400000, 0x0000000080300000| Untracked 
|   4|0x0000000080400000, 0x0000000080500000, 0x0000000080500000|100%|HS|  |TAMS 0x0000000080500000, 0x0000000080400000| Complete 
|   5|0x0000000080500000, 0x0000000080600000, 0x0000000080600000|100%|HC|  |TAMS 0x0000000080600000, 0x0000000080500000| Complete 
|   6|0x0000000080600000, 0x0000000080700000, 0x0000000080700000|100%|HC|  |TAMS 0x0000000080700000, 0x0000000080600000| Complete 
|   7|0x0000000080700000, 0x0000000080800000, 0x0000000080800000|100%| O|  |TAMS 0x0000000080800000, 0x0000000080700000| Untracked 
|   8|0x0000000080800000, 0x0000000080900000, 0x0000000080900000|100%| O|  |TAMS 0x0000000080900000, 0x0000000080800000| Complete 
|   9|0x0000000080900000, 0x0000000080a00000, 0x0000000080a00000|100%| O|  |TAMS 0x0000000080a00000, 0x0000000080900000| Untracked 
|  10|0x0000000080a00000, 0x0000000080b00000, 0x0000000080b00000|100%| O|  |TAMS 0x0000000080b00000, 0x0000000080a00000| Complete 
|  11|0x0000000080b00000, 0x0000000080c00000, 0x0000000080c00000|100%| O|  |TAMS 0x0000000080c00000, 0x0000000080b00000| Untracked 
|  12|0x0000000080c00000, 0x0000000080d00000, 0x0000000080d00000|100%| O|  |TAMS 0x0000000080d00000, 0x0000000080c00000| Complete 
|  13|0x0000000080d00000, 0x0000000080e00000, 0x0000000080e00000|100%| O|  |TAMS 0x0000000080e00000, 0x0000000080d00000| Untracked 
|  14|0x0000000080e00000, 0x0000000080f00000, 0x0000000080f00000|100%| O|  |TAMS 0x0000000080f00000, 0x0000000080e00000| Untracked 
|  15|0x0000000080f00000, 0x0000000081000000, 0x0000000081000000|100%| O|  |TAMS 0x0000000081000000, 0x0000000080f00000| Untracked 
|  16|0x0000000081000000, 0x0000000081100000, 0x0000000081100000|100%| O|  |TAMS 0x0000000081100000, 0x0000000081000000| Complete 
|  17|0x0000000081100000, 0x0000000081200000, 0x0000000081200000|100%| O|  |TAMS 0x0000000081200000, 0x0000000081100000| Complete 
|  18|0x0000000081200000, 0x0000000081300000, 0x0000000081300000|100%| O|  |TAMS 0x0000000081300000, 0x0000000081200000| Untracked 
|  19|0x0000000081300000, 0x0000000081400000, 0x0000000081400000|100%| O|  |TAMS 0x0000000081400000, 0x0000000081300000| Untracked 
|  20|0x0000000081400000, 0x0000000081500000, 0x0000000081500000|100%| O|  |TAMS 0x0000000081500000, 0x0000000081400000| Untracked 
|  21|0x0000000081500000, 0x0000000081600000, 0x0000000081600000|100%| O|  |TAMS 0x0000000081600000, 0x0000000081500000| Untracked 
|  22|0x0000000081600000, 0x0000000081700000, 0x0000000081700000|100%| O|  |TAMS 0x0000000081700000, 0x0000000081600000| Untracked 
|  23|0x0000000081700000, 0x0000000081800000, 0x0000000081800000|100%| O|  |TAMS 0x0000000081800000, 0x0000000081700000| Untracked 
|  24|0x0000000081800000, 0x0000000081900000, 0x0000000081900000|100%| O|  |TAMS 0x0000000081900000, 0x0000000081800000| Complete 
|  25|0x0000000081900000, 0x0000000081a00000, 0x0000000081a00000|100%| O|  |TAMS 0x0000000081a00000, 0x0000000081900000| Complete 
|  26|0x0000000081a00000, 0x0000000081b00000, 0x0000000081b00000|100%| O|  |TAMS 0x0000000081b00000, 0x0000000081a00000| Untracked 
|  27|0x0000000081b00000, 0x0000000081c00000, 0x0000000081c00000|100%| O|  |TAMS 0x0000000081c00000, 0x0000000081b00000| Untracked 
|  28|0x0000000081c00000, 0x0000000081d00000, 0x0000000081d00000|100%| O|  |TAMS 0x0000000081d00000, 0x0000000081c00000| Untracked 
|  29|0x0000000081d00000, 0x0000000081e00000, 0x0000000081e00000|100%| O|  |TAMS 0x0000000081e00000, 0x0000000081d00000| Untracked 
|  30|0x0000000081e00000, 0x0000000081f00000, 0x0000000081f00000|100%| O|  |TAMS 0x0000000081f00000, 0x0000000081e00000| Untracked 
|  31|0x0000000081f00000, 0x0000000082000000, 0x0000000082000000|100%| O|  |TAMS 0x0000000082000000, 0x0000000081f00000| Untracked 
|  32|0x0000000082000000, 0x0000000082100000, 0x0000000082100000|100%|HS|  |TAMS 0x0000000082100000, 0x0000000082000000| Complete 
|  33|0x0000000082100000, 0x0000000082200000, 0x0000000082200000|100%| O|  |TAMS 0x0000000082200000, 0x0000000082100000| Untracked 
|  34|0x0000000082200000, 0x0000000082300000, 0x0000000082300000|100%|HS|  |TAMS 0x0000000082300000, 0x0000000082200000| Complete 
|  35|0x0000000082300000, 0x0000000082400000, 0x0000000082400000|100%| O|  |TAMS 0x0000000082400000, 0x0000000082300000| Untracked 
|  36|0x0000000082400000, 0x0000000082500000, 0x0000000082500000|100%| O|  |TAMS 0x0000000082500000, 0x0000000082400000| Untracked 
|  37|0x0000000082500000, 0x0000000082600000, 0x0000000082600000|100%| O|  |TAMS 0x0000000082600000, 0x0000000082500000| Untracked 
|  38|0x0000000082600000, 0x0000000082700000, 0x0000000082700000|100%| O|  |TAMS 0x0000000082700000, 0x0000000082600000| Complete 
|  39|0x0000000082700000, 0x0000000082800000, 0x0000000082800000|100%| O|  |TAMS 0x0000000082800000, 0x0000000082700000| Untracked 
|  40|0x0000000082800000, 0x0000000082900000, 0x0000000082900000|100%| O|  |TAMS 0x0000000082900000, 0x0000000082800000| Complete 
|  41|0x0000000082900000, 0x0000000082a00000, 0x0000000082a00000|100%|HS|  |TAMS 0x0000000082a00000, 0x0000000082900000| Complete 
|  42|0x0000000082a00000, 0x0000000082b00000, 0x0000000082b00000|100%|HC|  |TAMS 0x0000000082b00000, 0x0000000082a00000| Complete 
|  43|0x0000000082b00000, 0x0000000082c00000, 0x0000000082c00000|100%| O|  |TAMS 0x0000000082c00000, 0x0000000082b00000| Untracked 
|  44|0x0000000082c00000, 0x0000000082d00000, 0x0000000082d00000|100%| O|  |TAMS 0x0000000082d00000, 0x0000000082c00000| Untracked 
|  45|0x0000000082d00000, 0x0000000082e00000, 0x0000000082e00000|100%| O|  |TAMS 0x0000000082e00000, 0x0000000082d00000| Untracked 
|  46|0x0000000082e00000, 0x0000000082f00000, 0x0000000082f00000|100%| O|  |TAMS 0x0000000082f00000, 0x0000000082e00000| Untracked 
|  47|0x0000000082f00000, 0x0000000083000000, 0x0000000083000000|100%| O|  |TAMS 0x0000000083000000, 0x0000000082f00000| Untracked 
|  48|0x0000000083000000, 0x0000000083100000, 0x0000000083100000|100%| O|  |TAMS 0x0000000083100000, 0x0000000083000000| Complete 
|  49|0x0000000083100000, 0x0000000083200000, 0x0000000083200000|100%| O|  |TAMS 0x0000000083200000, 0x0000000083100000| Untracked 
|  50|0x0000000083200000, 0x0000000083300000, 0x0000000083300000|100%| O|  |TAMS 0x0000000083300000, 0x0000000083200000| Untracked 
|  51|0x0000000083300000, 0x0000000083400000, 0x0000000083400000|100%| O|  |TAMS 0x0000000083400000, 0x0000000083300000| Untracked 
|  52|0x0000000083400000, 0x0000000083500000, 0x0000000083500000|100%| O|  |TAMS 0x0000000083500000, 0x0000000083400000| Complete 
|  53|0x0000000083500000, 0x0000000083600000, 0x0000000083600000|100%| O|  |TAMS 0x0000000083600000, 0x0000000083500000| Untracked 
|  54|0x0000000083600000, 0x0000000083700000, 0x0000000083700000|100%| O|  |TAMS 0x0000000083700000, 0x0000000083600000| Untracked 
|  55|0x0000000083700000, 0x0000000083800000, 0x0000000083800000|100%| O|  |TAMS 0x0000000083800000, 0x0000000083700000| Untracked 
|  56|0x0000000083800000, 0x0000000083900000, 0x0000000083900000|100%| O|  |TAMS 0x0000000083900000, 0x0000000083800000| Complete 
|  57|0x0000000083900000, 0x0000000083a00000, 0x0000000083a00000|100%| O|  |TAMS 0x0000000083a00000, 0x0000000083900000| Untracked 
|  58|0x0000000083a00000, 0x0000000083b00000, 0x0000000083b00000|100%| O|  |TAMS 0x0000000083b00000, 0x0000000083a00000| Complete 
|  59|0x0000000083b00000, 0x0000000083c00000, 0x0000000083c00000|100%| O|  |TAMS 0x0000000083c00000, 0x0000000083b00000| Untracked 
|  60|0x0000000083c00000, 0x0000000083d00000, 0x0000000083d00000|100%| O|  |TAMS 0x0000000083d00000, 0x0000000083c00000| Untracked 
|  61|0x0000000083d00000, 0x0000000083e00000, 0x0000000083e00000|100%| O|  |TAMS 0x0000000083e00000, 0x0000000083d00000| Untracked 
|  62|0x0000000083e00000, 0x0000000083f00000, 0x0000000083f00000|100%| O|  |TAMS 0x0000000083f00000, 0x0000000083e00000| Complete 
|  63|0x0000000083f00000, 0x0000000084000000, 0x0000000084000000|100%| O|  |TAMS 0x0000000084000000, 0x0000000083f00000| Untracked 
|  64|0x0000000084000000, 0x0000000084100000, 0x0000000084100000|100%| O|  |TAMS 0x0000000084100000, 0x0000000084000000| Untracked 
|  65|0x0000000084100000, 0x0000000084200000, 0x0000000084200000|100%| O|  |TAMS 0x0000000084200000, 0x0000000084100000| Untracked 
|  66|0x0000000084200000, 0x0000000084300000, 0x0000000084300000|100%| O|  |TAMS 0x0000000084300000, 0x0000000084200000| Untracked 
|  67|0x0000000084300000, 0x0000000084400000, 0x0000000084400000|100%| O|  |TAMS 0x0000000084400000, 0x0000000084300000| Complete 
|  68|0x0000000084400000, 0x0000000084500000, 0x0000000084500000|100%| O|  |TAMS 0x0000000084500000, 0x0000000084400000| Untracked 
|  69|0x0000000084500000, 0x0000000084600000, 0x0000000084600000|100%| O|  |TAMS 0x0000000084600000, 0x0000000084500000| Untracked 
|  70|0x0000000084600000, 0x0000000084700000, 0x0000000084700000|100%| O|  |TAMS 0x0000000084700000, 0x0000000084600000| Untracked 
|  71|0x0000000084700000, 0x0000000084800000, 0x0000000084800000|100%| O|  |TAMS 0x0000000084800000, 0x0000000084700000| Complete 
|  72|0x0000000084800000, 0x0000000084900000, 0x0000000084900000|100%| O|  |TAMS 0x0000000084900000, 0x0000000084800000| Complete 
|  73|0x0000000084900000, 0x0000000084a00000, 0x0000000084a00000|100%|HS|  |TAMS 0x0000000084a00000, 0x0000000084900000| Complete 
|  74|0x0000000084a00000, 0x0000000084b00000, 0x0000000084b00000|100%| O|  |TAMS 0x0000000084b00000, 0x0000000084a00000| Untracked 
|  75|0x0000000084b00000, 0x0000000084c00000, 0x0000000084c00000|100%|HS|  |TAMS 0x0000000084c00000, 0x0000000084b00000| Complete 
|  76|0x0000000084c00000, 0x0000000084d00000, 0x0000000084d00000|100%|HC|  |TAMS 0x0000000084d00000, 0x0000000084c00000| Complete 
|  77|0x0000000084d00000, 0x0000000084e00000, 0x0000000084e00000|100%|HS|  |TAMS 0x0000000084e00000, 0x0000000084d00000| Complete 
|  78|0x0000000084e00000, 0x0000000084f00000, 0x0000000084f00000|100%|HS|  |TAMS 0x0000000084f00000, 0x0000000084e00000| Complete 
|  79|0x0000000084f00000, 0x0000000085000000, 0x0000000085000000|100%|HS|  |TAMS 0x0000000085000000, 0x0000000084f00000| Complete 
|  80|0x0000000085000000, 0x0000000085100000, 0x0000000085100000|100%|HC|  |TAMS 0x0000000085100000, 0x0000000085000000| Complete 
|  81|0x0000000085100000, 0x0000000085200000, 0x0000000085200000|100%|HS|  |TAMS 0x0000000085200000, 0x0000000085100000| Complete 
|  82|0x0000000085200000, 0x0000000085300000, 0x0000000085300000|100%|HC|  |TAMS 0x0000000085300000, 0x0000000085200000| Complete 
|  83|0x0000000085300000, 0x0000000085400000, 0x0000000085400000|100%|HS|  |TAMS 0x0000000085400000, 0x0000000085300000| Complete 
|  84|0x0000000085400000, 0x0000000085500000, 0x0000000085500000|100%|HS|  |TAMS 0x0000000085500000, 0x0000000085400000| Complete 
|  85|0x0000000085500000, 0x0000000085600000, 0x0000000085600000|100%|HC|  |TAMS 0x0000000085600000, 0x0000000085500000| Complete 
|  86|0x0000000085600000, 0x0000000085700000, 0x0000000085700000|100%| O|  |TAMS 0x0000000085700000, 0x0000000085600000| Complete 
|  87|0x0000000085700000, 0x0000000085800000, 0x0000000085800000|100%|HS|  |TAMS 0x0000000085800000, 0x0000000085700000| Complete 
|  88|0x0000000085800000, 0x0000000085900000, 0x0000000085900000|100%|HS|  |TAMS 0x0000000085900000, 0x0000000085800000| Complete 
|  89|0x0000000085900000, 0x0000000085a00000, 0x0000000085a00000|100%|HC|  |TAMS 0x0000000085a00000, 0x0000000085900000| Complete 
|  90|0x0000000085a00000, 0x0000000085b00000, 0x0000000085b00000|100%| O|  |TAMS 0x0000000085b00000, 0x0000000085a00000| Complete 
|  91|0x0000000085b00000, 0x0000000085c00000, 0x0000000085c00000|100%| O|  |TAMS 0x0000000085c00000, 0x0000000085b00000| Untracked 
|  92|0x0000000085c00000, 0x0000000085d00000, 0x0000000085d00000|100%| O|  |TAMS 0x0000000085d00000, 0x0000000085c00000| Untracked 
|  93|0x0000000085d00000, 0x0000000085e00000, 0x0000000085e00000|100%| O|  |TAMS 0x0000000085e00000, 0x0000000085d00000| Untracked 
|  94|0x0000000085e00000, 0x0000000085f00000, 0x0000000085f00000|100%| O|  |TAMS 0x0000000085f00000, 0x0000000085e00000| Complete 
|  95|0x0000000085f00000, 0x0000000086000000, 0x0000000086000000|100%| O|  |TAMS 0x0000000086000000, 0x0000000085f00000| Complete 
|  96|0x0000000086000000, 0x0000000086100000, 0x0000000086100000|100%| O|  |TAMS 0x0000000086100000, 0x0000000086000000| Untracked 
|  97|0x0000000086100000, 0x0000000086200000, 0x0000000086200000|100%| O|  |TAMS 0x0000000086200000, 0x0000000086100000| Untracked 
|  98|0x0000000086200000, 0x0000000086300000, 0x0000000086300000|100%| O|  |TAMS 0x0000000086300000, 0x0000000086200000| Untracked 
|  99|0x0000000086300000, 0x0000000086400000, 0x0000000086400000|100%| O|  |TAMS 0x0000000086400000, 0x0000000086300000| Complete 
| 100|0x0000000086400000, 0x0000000086500000, 0x0000000086500000|100%|HS|  |TAMS 0x0000000086500000, 0x0000000086400000| Complete 
| 101|0x0000000086500000, 0x0000000086600000, 0x0000000086600000|100%|HC|  |TAMS 0x0000000086600000, 0x0000000086500000| Complete 
| 102|0x0000000086600000, 0x0000000086700000, 0x0000000086700000|100%|HS|  |TAMS 0x0000000086700000, 0x0000000086600000| Complete 
| 103|0x0000000086700000, 0x0000000086800000, 0x0000000086800000|100%|HC|  |TAMS 0x0000000086800000, 0x0000000086700000| Complete 
| 104|0x0000000086800000, 0x0000000086900000, 0x0000000086900000|100%|HS|  |TAMS 0x0000000086900000, 0x0000000086800000| Complete 
| 105|0x0000000086900000, 0x0000000086a00000, 0x0000000086a00000|100%|HC|  |TAMS 0x0000000086a00000, 0x0000000086900000| Complete 
| 106|0x0000000086a00000, 0x0000000086b00000, 0x0000000086b00000|100%|HC|  |TAMS 0x0000000086b00000, 0x0000000086a00000| Complete 
| 107|0x0000000086b00000, 0x0000000086c00000, 0x0000000086c00000|100%| O|  |TAMS 0x0000000086b00000, 0x0000000086b00000| Untracked 
| 108|0x0000000086c00000, 0x0000000086d00000, 0x0000000086d00000|100%|HS|  |TAMS 0x0000000086d00000, 0x0000000086c00000| Complete 
| 109|0x0000000086d00000, 0x0000000086e00000, 0x0000000086e00000|100%| O|  |TAMS 0x0000000086e00000, 0x0000000086d00000| Untracked 
| 110|0x0000000086e00000, 0x0000000086f00000, 0x0000000086f00000|100%| O|  |TAMS 0x0000000086f00000, 0x0000000086e00000| Untracked 
| 111|0x0000000086f00000, 0x0000000087000000, 0x0000000087000000|100%| O|  |TAMS 0x0000000087000000, 0x0000000086f00000| Untracked 
| 112|0x0000000087000000, 0x0000000087100000, 0x0000000087100000|100%|HS|  |TAMS 0x0000000087100000, 0x0000000087000000| Complete 
| 113|0x0000000087100000, 0x0000000087200000, 0x0000000087200000|100%|HC|  |TAMS 0x0000000087200000, 0x0000000087100000| Complete 
| 114|0x0000000087200000, 0x0000000087300000, 0x0000000087300000|100%|HS|  |TAMS 0x0000000087300000, 0x0000000087200000| Complete 
| 115|0x0000000087300000, 0x0000000087400000, 0x0000000087400000|100%|HS|  |TAMS 0x0000000087400000, 0x0000000087300000| Complete 
| 116|0x0000000087400000, 0x0000000087500000, 0x0000000087500000|100%| O|  |TAMS 0x0000000087500000, 0x0000000087400000| Untracked 
| 117|0x0000000087500000, 0x0000000087600000, 0x0000000087600000|100%|HS|  |TAMS 0x0000000087600000, 0x0000000087500000| Complete 
| 118|0x0000000087600000, 0x0000000087700000, 0x0000000087700000|100%| O|  |TAMS 0x0000000087700000, 0x0000000087600000| Untracked 
| 119|0x0000000087700000, 0x0000000087800000, 0x0000000087800000|100%|HS|  |TAMS 0x0000000087800000, 0x0000000087700000| Complete 
| 120|0x0000000087800000, 0x0000000087900000, 0x0000000087900000|100%|HC|  |TAMS 0x0000000087900000, 0x0000000087800000| Complete 
| 121|0x0000000087900000, 0x0000000087a00000, 0x0000000087a00000|100%| O|  |TAMS 0x0000000087a00000, 0x0000000087900000| Untracked 
| 122|0x0000000087a00000, 0x0000000087b00000, 0x0000000087b00000|100%| O|  |TAMS 0x0000000087b00000, 0x0000000087a00000| Complete 
| 123|0x0000000087b00000, 0x0000000087c00000, 0x0000000087c00000|100%|HS|  |TAMS 0x0000000087c00000, 0x0000000087b00000| Complete 
| 124|0x0000000087c00000, 0x0000000087d00000, 0x0000000087d00000|100%|HC|  |TAMS 0x0000000087d00000, 0x0000000087c00000| Complete 
| 125|0x0000000087d00000, 0x0000000087e00000, 0x0000000087e00000|100%| O|  |TAMS 0x0000000087e00000, 0x0000000087d00000| Complete 
| 126|0x0000000087e00000, 0x0000000087f00000, 0x0000000087f00000|100%| O|  |TAMS 0x0000000087f00000, 0x0000000087e00000| Complete 
| 127|0x0000000087f00000, 0x0000000088000000, 0x0000000088000000|100%| O|  |TAMS 0x0000000088000000, 0x0000000087f00000| Untracked 
| 128|0x0000000088000000, 0x0000000088100000, 0x0000000088100000|100%| O|  |TAMS 0x0000000088100000, 0x0000000088000000| Untracked 
| 129|0x0000000088100000, 0x0000000088200000, 0x0000000088200000|100%| O|  |TAMS 0x0000000088200000, 0x0000000088100000| Untracked 
| 130|0x0000000088200000, 0x0000000088300000, 0x0000000088300000|100%| O|  |TAMS 0x0000000088300000, 0x0000000088200000| Untracked 
| 131|0x0000000088300000, 0x0000000088400000, 0x0000000088400000|100%| O|  |TAMS 0x0000000088400000, 0x0000000088300000| Complete 
| 132|0x0000000088400000, 0x0000000088500000, 0x0000000088500000|100%| O|  |TAMS 0x0000000088500000, 0x0000000088400000| Untracked 
| 133|0x0000000088500000, 0x0000000088600000, 0x0000000088600000|100%| O|  |TAMS 0x0000000088600000, 0x0000000088500000| Complete 
| 134|0x0000000088600000, 0x0000000088700000, 0x0000000088700000|100%|HS|  |TAMS 0x0000000088700000, 0x0000000088600000| Complete 
| 135|0x0000000088700000, 0x0000000088800000, 0x0000000088800000|100%|HC|  |TAMS 0x0000000088800000, 0x0000000088700000| Complete 
| 136|0x0000000088800000, 0x0000000088900000, 0x0000000088900000|100%| O|  |TAMS 0x0000000088900000, 0x0000000088800000| Complete 
| 137|0x0000000088900000, 0x0000000088a00000, 0x0000000088a00000|100%|HS|  |TAMS 0x0000000088a00000, 0x0000000088900000| Complete 
| 138|0x0000000088a00000, 0x0000000088b00000, 0x0000000088b00000|100%| O|  |TAMS 0x0000000088b00000, 0x0000000088a00000| Complete 
| 139|0x0000000088b00000, 0x0000000088c00000, 0x0000000088c00000|100%| O|  |TAMS 0x0000000088c00000, 0x0000000088b00000| Complete 
| 140|0x0000000088c00000, 0x0000000088d00000, 0x0000000088d00000|100%|HS|  |TAMS 0x0000000088d00000, 0x0000000088c00000| Complete 
| 141|0x0000000088d00000, 0x0000000088e00000, 0x0000000088e00000|100%|HS|  |TAMS 0x0000000088e00000, 0x0000000088d00000| Complete 
| 142|0x0000000088e00000, 0x0000000088f00000, 0x0000000088f00000|100%|HC|  |TAMS 0x0000000088f00000, 0x0000000088e00000| Complete 
| 143|0x0000000088f00000, 0x0000000089000000, 0x0000000089000000|100%| O|  |TAMS 0x0000000089000000, 0x0000000088f00000| Untracked 
| 144|0x0000000089000000, 0x0000000089100000, 0x0000000089100000|100%| O|  |TAMS 0x0000000089100000, 0x0000000089000000| Untracked 
| 145|0x0000000089100000, 0x0000000089200000, 0x0000000089200000|100%| O|  |TAMS 0x0000000089200000, 0x0000000089100000| Untracked 
| 146|0x0000000089200000, 0x0000000089300000, 0x0000000089300000|100%|HS|  |TAMS 0x0000000089300000, 0x0000000089200000| Complete 
| 147|0x0000000089300000, 0x0000000089400000, 0x0000000089400000|100%|HC|  |TAMS 0x0000000089400000, 0x0000000089300000| Complete 
| 148|0x0000000089400000, 0x0000000089500000, 0x0000000089500000|100%| O|  |TAMS 0x0000000089500000, 0x0000000089400000| Untracked 
| 149|0x0000000089500000, 0x0000000089600000, 0x0000000089600000|100%| O|  |TAMS 0x0000000089600000, 0x0000000089500000| Untracked 
| 150|0x0000000089600000, 0x0000000089700000, 0x0000000089700000|100%| O|  |TAMS 0x0000000089700000, 0x0000000089600000| Untracked 
| 151|0x0000000089700000, 0x0000000089800000, 0x0000000089800000|100%|HS|  |TAMS 0x0000000089800000, 0x0000000089700000| Complete 
| 152|0x0000000089800000, 0x0000000089900000, 0x0000000089900000|100%|HC|  |TAMS 0x0000000089900000, 0x0000000089800000| Complete 
| 153|0x0000000089900000, 0x0000000089a00000, 0x0000000089a00000|100%| O|  |TAMS 0x0000000089a00000, 0x0000000089900000| Untracked 
| 154|0x0000000089a00000, 0x0000000089b00000, 0x0000000089b00000|100%| O|  |TAMS 0x0000000089b00000, 0x0000000089a00000| Complete 
| 155|0x0000000089b00000, 0x0000000089c00000, 0x0000000089c00000|100%| O|  |TAMS 0x0000000089c00000, 0x0000000089b00000| Complete 
| 156|0x0000000089c00000, 0x0000000089d00000, 0x0000000089d00000|100%| O|  |TAMS 0x0000000089d00000, 0x0000000089c00000| Untracked 
| 157|0x0000000089d00000, 0x0000000089e00000, 0x0000000089e00000|100%| O|  |TAMS 0x0000000089e00000, 0x0000000089d00000| Complete 
| 158|0x0000000089e00000, 0x0000000089f00000, 0x0000000089f00000|100%| O|  |TAMS 0x0000000089f00000, 0x0000000089e00000| Untracked 
| 159|0x0000000089f00000, 0x000000008a000000, 0x000000008a000000|100%|HS|  |TAMS 0x000000008a000000, 0x0000000089f00000| Complete 
| 160|0x000000008a000000, 0x000000008a100000, 0x000000008a100000|100%|HC|  |TAMS 0x000000008a100000, 0x000000008a000000| Complete 
| 161|0x000000008a100000, 0x000000008a200000, 0x000000008a200000|100%| O|  |TAMS 0x000000008a200000, 0x000000008a100000| Untracked 
| 162|0x000000008a200000, 0x000000008a300000, 0x000000008a300000|100%| O|  |TAMS 0x000000008a300000, 0x000000008a200000| Untracked 
| 163|0x000000008a300000, 0x000000008a400000, 0x000000008a400000|100%| O|  |TAMS 0x000000008a400000, 0x000000008a300000| Untracked 
| 164|0x000000008a400000, 0x000000008a500000, 0x000000008a500000|100%| O|  |TAMS 0x000000008a500000, 0x000000008a400000| Untracked 
| 165|0x000000008a500000, 0x000000008a600000, 0x000000008a600000|100%| O|  |TAMS 0x000000008a600000, 0x000000008a500000| Untracked 
| 166|0x000000008a600000, 0x000000008a700000, 0x000000008a700000|100%| O|  |TAMS 0x000000008a700000, 0x000000008a600000| Untracked 
| 167|0x000000008a700000, 0x000000008a800000, 0x000000008a800000|100%| O|  |TAMS 0x000000008a800000, 0x000000008a700000| Untracked 
| 168|0x000000008a800000, 0x000000008a900000, 0x000000008a900000|100%| O|  |TAMS 0x000000008a900000, 0x000000008a800000| Complete 
| 169|0x000000008a900000, 0x000000008aa00000, 0x000000008aa00000|100%| O|  |TAMS 0x000000008aa00000, 0x000000008a900000| Untracked 
| 170|0x000000008aa00000, 0x000000008ab00000, 0x000000008ab00000|100%| O|  |TAMS 0x000000008ab00000, 0x000000008aa00000| Untracked 
| 171|0x000000008ab00000, 0x000000008ac00000, 0x000000008ac00000|100%| O|  |TAMS 0x000000008ac00000, 0x000000008ab00000| Untracked 
| 172|0x000000008ac00000, 0x000000008ad00000, 0x000000008ad00000|100%| O|  |TAMS 0x000000008ad00000, 0x000000008ac00000| Untracked 
| 173|0x000000008ad00000, 0x000000008ae00000, 0x000000008ae00000|100%| O|  |TAMS 0x000000008ae00000, 0x000000008ad00000| Untracked 
| 174|0x000000008ae00000, 0x000000008af00000, 0x000000008af00000|100%| O|  |TAMS 0x000000008ae00000, 0x000000008ae00000| Untracked 
| 175|0x000000008af00000, 0x000000008b000000, 0x000000008b000000|100%| O|  |TAMS 0x000000008af00000, 0x000000008af00000| Untracked 
| 176|0x000000008b000000, 0x000000008b100000, 0x000000008b100000|100%| O|  |TAMS 0x000000008b000000, 0x000000008b000000| Untracked 
| 177|0x000000008b100000, 0x000000008b200000, 0x000000008b200000|100%| O|  |TAMS 0x000000008b100000, 0x000000008b100000| Untracked 
| 178|0x000000008b200000, 0x000000008b300000, 0x000000008b300000|100%|HS|  |TAMS 0x000000008b300000, 0x000000008b200000| Complete 
| 179|0x000000008b300000, 0x000000008b400000, 0x000000008b400000|100%|HC|  |TAMS 0x000000008b400000, 0x000000008b300000| Complete 
| 180|0x000000008b400000, 0x000000008b500000, 0x000000008b500000|100%|HC|  |TAMS 0x000000008b500000, 0x000000008b400000| Complete 
| 181|0x000000008b500000, 0x000000008b500000, 0x000000008b600000|  0%| F|  |TAMS 0x000000008b500000, 0x000000008b500000| Untracked 
| 182|0x000000008b600000, 0x000000008b700000, 0x000000008b700000|100%| O|  |TAMS 0x000000008b700000, 0x000000008b600000| Complete 
| 183|0x000000008b700000, 0x000000008b800000, 0x000000008b800000|100%| O|  |TAMS 0x000000008b800000, 0x000000008b700000| Untracked 
| 184|0x000000008b800000, 0x000000008b800000, 0x000000008b900000|  0%| F|  |TAMS 0x000000008b800000, 0x000000008b800000| Untracked 
| 185|0x000000008b900000, 0x000000008b900000, 0x000000008ba00000|  0%| F|  |TAMS 0x000000008b900000, 0x000000008b900000| Untracked 
| 186|0x000000008ba00000, 0x000000008bb00000, 0x000000008bb00000|100%| O|  |TAMS 0x000000008bb00000, 0x000000008ba00000| Untracked 
| 187|0x000000008bb00000, 0x000000008bc00000, 0x000000008bc00000|100%| O|  |TAMS 0x000000008bc00000, 0x000000008bb00000| Untracked 
| 188|0x000000008bc00000, 0x000000008bd00000, 0x000000008bd00000|100%| O|  |TAMS 0x000000008bd00000, 0x000000008bc00000| Untracked 
| 189|0x000000008bd00000, 0x000000008bd00000, 0x000000008be00000|  0%| F|  |TAMS 0x000000008bd00000, 0x000000008bd00000| Untracked 
| 190|0x000000008be00000, 0x000000008be00000, 0x000000008bf00000|  0%| F|  |TAMS 0x000000008be00000, 0x000000008be00000| Untracked 
| 191|0x000000008bf00000, 0x000000008bf00000, 0x000000008c000000|  0%| F|  |TAMS 0x000000008bf00000, 0x000000008bf00000| Untracked 
| 192|0x000000008c000000, 0x000000008c000000, 0x000000008c100000|  0%| F|  |TAMS 0x000000008c000000, 0x000000008c000000| Untracked 
| 193|0x000000008c100000, 0x000000008c100000, 0x000000008c200000|  0%| F|  |TAMS 0x000000008c100000, 0x000000008c100000| Untracked 
| 194|0x000000008c200000, 0x000000008c200000, 0x000000008c300000|  0%| F|  |TAMS 0x000000008c200000, 0x000000008c200000| Untracked 
| 195|0x000000008c300000, 0x000000008c300000, 0x000000008c400000|  0%| F|  |TAMS 0x000000008c300000, 0x000000008c300000| Untracked 
| 196|0x000000008c400000, 0x000000008c400000, 0x000000008c500000|  0%| F|  |TAMS 0x000000008c400000, 0x000000008c400000| Untracked 
| 197|0x000000008c500000, 0x000000008c500000, 0x000000008c600000|  0%| F|  |TAMS 0x000000008c500000, 0x000000008c500000| Untracked 
| 198|0x000000008c600000, 0x000000008c600000, 0x000000008c700000|  0%| F|  |TAMS 0x000000008c600000, 0x000000008c600000| Untracked 
| 199|0x000000008c700000, 0x000000008c700000, 0x000000008c800000|  0%| F|  |TAMS 0x000000008c700000, 0x000000008c700000| Untracked 
| 200|0x000000008c800000, 0x000000008c800000, 0x000000008c900000|  0%| F|  |TAMS 0x000000008c800000, 0x000000008c800000| Untracked 
| 201|0x000000008c900000, 0x000000008c900000, 0x000000008ca00000|  0%| F|  |TAMS 0x000000008c900000, 0x000000008c900000| Untracked 
| 202|0x000000008ca00000, 0x000000008ca00000, 0x000000008cb00000|  0%| F|  |TAMS 0x000000008ca00000, 0x000000008ca00000| Untracked 
| 203|0x000000008cb00000, 0x000000008cb00000, 0x000000008cc00000|  0%| F|  |TAMS 0x000000008cb00000, 0x000000008cb00000| Untracked 
| 204|0x000000008cc00000, 0x000000008cc00000, 0x000000008cd00000|  0%| F|  |TAMS 0x000000008cc00000, 0x000000008cc00000| Untracked 
| 205|0x000000008cd00000, 0x000000008cd00000, 0x000000008ce00000|  0%| F|  |TAMS 0x000000008cd00000, 0x000000008cd00000| Untracked 
| 206|0x000000008ce00000, 0x000000008ce00000, 0x000000008cf00000|  0%| F|  |TAMS 0x000000008ce00000, 0x000000008ce00000| Untracked 
| 207|0x000000008cf00000, 0x000000008cf00000, 0x000000008d000000|  0%| F|  |TAMS 0x000000008cf00000, 0x000000008cf00000| Untracked 
| 208|0x000000008d000000, 0x000000008d000000, 0x000000008d100000|  0%| F|  |TAMS 0x000000008d000000, 0x000000008d000000| Untracked 
| 209|0x000000008d100000, 0x000000008d100000, 0x000000008d200000|  0%| F|  |TAMS 0x000000008d100000, 0x000000008d100000| Untracked 
| 210|0x000000008d200000, 0x000000008d200000, 0x000000008d300000|  0%| F|  |TAMS 0x000000008d200000, 0x000000008d200000| Untracked 
| 211|0x000000008d300000, 0x000000008d300000, 0x000000008d400000|  0%| F|  |TAMS 0x000000008d300000, 0x000000008d300000| Untracked 
| 212|0x000000008d400000, 0x000000008d400000, 0x000000008d500000|  0%| F|  |TAMS 0x000000008d400000, 0x000000008d400000| Untracked 
| 213|0x000000008d500000, 0x000000008d500000, 0x000000008d600000|  0%| F|  |TAMS 0x000000008d500000, 0x000000008d500000| Untracked 
| 214|0x000000008d600000, 0x000000008d600000, 0x000000008d700000|  0%| F|  |TAMS 0x000000008d600000, 0x000000008d600000| Untracked 
| 215|0x000000008d700000, 0x000000008d800000, 0x000000008d800000|100%| S|CS|TAMS 0x000000008d700000, 0x000000008d700000| Complete 
| 216|0x000000008d800000, 0x000000008d900000, 0x000000008d900000|100%| S|CS|TAMS 0x000000008d800000, 0x000000008d800000| Complete 
| 217|0x000000008d900000, 0x000000008d900000, 0x000000008da00000|  0%| F|  |TAMS 0x000000008d900000, 0x000000008d900000| Untracked 
| 218|0x000000008da00000, 0x000000008da00000, 0x000000008db00000|  0%| F|  |TAMS 0x000000008da00000, 0x000000008da00000| Untracked 
| 219|0x000000008db00000, 0x000000008db00000, 0x000000008dc00000|  0%| F|  |TAMS 0x000000008db00000, 0x000000008db00000| Untracked 
| 220|0x000000008dc00000, 0x000000008dc00000, 0x000000008dd00000|  0%| F|  |TAMS 0x000000008dc00000, 0x000000008dc00000| Untracked 
| 221|0x000000008dd00000, 0x000000008dd00000, 0x000000008de00000|  0%| F|  |TAMS 0x000000008dd00000, 0x000000008dd00000| Untracked 
| 222|0x000000008de00000, 0x000000008de00000, 0x000000008df00000|  0%| F|  |TAMS 0x000000008de00000, 0x000000008de00000| Untracked 
| 223|0x000000008df00000, 0x000000008df00000, 0x000000008e000000|  0%| F|  |TAMS 0x000000008df00000, 0x000000008df00000| Untracked 
| 224|0x000000008e000000, 0x000000008e000000, 0x000000008e100000|  0%| F|  |TAMS 0x000000008e000000, 0x000000008e000000| Untracked 
| 225|0x000000008e100000, 0x000000008e100000, 0x000000008e200000|  0%| F|  |TAMS 0x000000008e100000, 0x000000008e100000| Untracked 
| 226|0x000000008e200000, 0x000000008e200000, 0x000000008e300000|  0%| F|  |TAMS 0x000000008e200000, 0x000000008e200000| Untracked 

Card table byte_map: [0x000002657d020000,0x000002657d420000] _byte_map_base: 0x000002657cc20000

Marking Bits (Prev, Next): (CMBitMap*) 0x0000026568529810, (CMBitMap*) 0x00000265685297d8
 Prev Bits: [0x0000026500000000, 0x0000026502000000)
 Next Bits: [0x000002657d820000, 0x000002657f820000)

Polling page: 0x0000026568370000

Metaspace:

Usage:
  Non-class:     89.06 MB capacity,    87.64 MB ( 98%) used,     1.14 MB (  1%) free+waste,   283.94 KB ( <1%) overhead. 
      Class:     13.79 MB capacity,    12.93 MB ( 94%) used,   760.67 KB (  5%) free+waste,   125.44 KB ( <1%) overhead. 
       Both:    102.85 MB capacity,   100.57 MB ( 98%) used,     1.88 MB (  2%) free+waste,   409.38 KB ( <1%) overhead. 

Virtual space:
  Non-class space:       90.00 MB reserved,      89.08 MB ( 99%) committed 
      Class space:        1.00 GB reserved,      13.88 MB (  1%) committed 
             Both:        1.09 GB reserved,     102.95 MB (  9%) committed 

Chunk freelists:
   Non-Class:  21.00 KB
       Class:  20.00 KB
        Both:  41.00 KB

MaxMetaspaceSize: 17179869184.00 GB
CompressedClassSpaceSize: 1.00 GB
Initial GC threshold: 20.80 MB
Current GC threshold: 171.59 MB
CDS: off

CodeHeap 'non-profiled nmethods': size=120064Kb used=8460Kb max_used=8460Kb free=111603Kb
 bounds [0x00000265752e0000, 0x0000026575b30000, 0x000002657c820000]
CodeHeap 'profiled nmethods': size=120000Kb used=30144Kb max_used=30144Kb free=89855Kb
 bounds [0x000002656ddb0000, 0x000002656fb30000, 0x00000265752e0000]
CodeHeap 'non-nmethods': size=5696Kb used=2416Kb max_used=2454Kb free=3279Kb
 bounds [0x000002656d820000, 0x000002656da90000, 0x000002656ddb0000]
 total_blobs=14165 nmethods=13228 adapters=849
 compilation: enabled
              stopped_count=0, restarted_count=0
 full_count=0

Compilation events (20 events):
Event: 174.540 Thread 0x000002657fc27000 13338       2       com.android.tools.r8.graph.U::hashCode (11 bytes)
Event: 174.540 Thread 0x000002657fc27000 nmethod 13338 0x000002656fb1b310 code [0x000002656fb1b4c0, 0x000002656fb1b5b8]
Event: 174.688 Thread 0x000002657fc27000 13341       2       com.android.tools.r8.graph.f1$j::E0 (2 bytes)
Event: 174.688 Thread 0x000002657fc27000 nmethod 13341 0x000002656fb1b690 code [0x000002656fb1b840, 0x000002656fb1b938]
Event: 174.691 Thread 0x000002657fc27000 13342       2       com.android.tools.r8.graph.N$b::hashCode (15 bytes)
Event: 174.692 Thread 0x000002657fc27000 nmethod 13342 0x000002656fb1ba10 code [0x000002656fb1bbe0, 0x000002656fb1be98]
Event: 174.692 Thread 0x000002657fc27000 13343       2       com.android.tools.r8.graph.N$b$$Lambda$1130/0x0000000100d6cc40::apply (8 bytes)
Event: 174.692 Thread 0x000002657fc27000 nmethod 13343 0x000002656fb1c090 code [0x000002656fb1c240, 0x000002656fb1c378]
Event: 174.697 Thread 0x000002657fc27000 13344       2       com.android.tools.r8.code.h::<init> (7 bytes)
Event: 174.698 Thread 0x000002657fc27000 nmethod 13344 0x000002656fb1c490 code [0x000002656fb1c660, 0x000002656fb1c898]
Event: 174.707 Thread 0x000002657fc27000 13345   !   2       com.android.tools.r8.graph.s0::e (36 bytes)
Event: 174.708 Thread 0x000002657fc27000 nmethod 13345 0x000002656fb1ca90 code [0x000002656fb1cc60, 0x000002656fb1d008]
Event: 174.721 Thread 0x000002657fc27000 13346       2       com.android.tools.r8.internal.er::b (178 bytes)
Event: 174.721 Thread 0x000002657fc27000 nmethod 13346 0x000002656fb1d290 code [0x000002656fb1d480, 0x000002656fb1da18]
Event: 174.724 Thread 0x000002657fc27000 13347   !   2       com.android.tools.r8.graph.a1::b (135 bytes)
Event: 174.725 Thread 0x000002657fc27000 nmethod 13347 0x000002656fb1dd90 code [0x000002656fb1dfa0, 0x000002656fb1e478]
Event: 174.728 Thread 0x000002657fc27000 13348       3       com.android.tools.r8.internal.dt::d (191 bytes)
Event: 174.729 Thread 0x000002657fc27000 nmethod 13348 0x000002656fb1e810 code [0x000002656fb1eaa0, 0x000002656fb1f768]
Event: 174.749 Thread 0x000002657fc27000 13350       2       com.android.tools.r8.internal.dn::b (42 bytes)
Event: 174.750 Thread 0x000002657fc27000 nmethod 13350 0x000002656fb1fc10 code [0x000002656fb1fe00, 0x000002656fb20078]

GC Heap History (20 events):
Event: 159.964 GC heap after
{Heap after GC invocations=107 (full 0):
 garbage-first heap   total 146432K, used 82703K [0x0000000080000000, 0x0000000100000000)
  region size 1024K, 1 young (1024K), 1 survivors (1024K)
 Metaspace       used 96326K, capacity 98456K, committed 98640K, reserved 1134592K
  class space    used 12232K, capacity 13055K, committed 13056K, reserved 1048576K
}
Event: 162.080 GC heap before
{Heap before GC invocations=107 (full 0):
 garbage-first heap   total 146432K, used 112399K [0x0000000080000000, 0x0000000100000000)
  region size 1024K, 31 young (31744K), 1 survivors (1024K)
 Metaspace       used 96451K, capacity 98604K, committed 98640K, reserved 1134592K
  class space    used 12235K, capacity 13055K, committed 13056K, reserved 1048576K
}
Event: 162.098 GC heap after
{Heap after GC invocations=108 (full 0):
 garbage-first heap   total 176128K, used 84423K [0x0000000080000000, 0x0000000100000000)
  region size 1024K, 3 young (3072K), 3 survivors (3072K)
 Metaspace       used 96451K, capacity 98604K, committed 98640K, reserved 1134592K
  class space    used 12235K, capacity 13055K, committed 13056K, reserved 1048576K
}
Event: 164.275 GC heap before
{Heap before GC invocations=109 (full 0):
 garbage-first heap   total 176128K, used 125383K [0x0000000080000000, 0x0000000100000000)
  region size 1024K, 44 young (45056K), 3 survivors (3072K)
 Metaspace       used 96521K, capacity 98654K, committed 99024K, reserved 1134592K
  class space    used 12241K, capacity 13063K, committed 13184K, reserved 1048576K
}
Event: 164.297 GC heap after
{Heap after GC invocations=110 (full 0):
 garbage-first heap   total 176128K, used 87242K [0x0000000080000000, 0x0000000100000000)
  region size 1024K, 6 young (6144K), 6 survivors (6144K)
 Metaspace       used 96521K, capacity 98654K, committed 99024K, reserved 1134592K
  class space    used 12241K, capacity 13063K, committed 13184K, reserved 1048576K
}
Event: 167.064 GC heap before
{Heap before GC invocations=110 (full 0):
 garbage-first heap   total 176128K, used 143562K [0x0000000080000000, 0x0000000100000000)
  region size 1024K, 47 young (48128K), 6 survivors (6144K)
 Metaspace       used 97527K, capacity 99758K, committed 99792K, reserved 1136640K
  class space    used 12346K, capacity 13164K, committed 13184K, reserved 1048576K
}
Event: 167.094 GC heap after
{Heap after GC invocations=111 (full 0):
 garbage-first heap   total 176128K, used 108173K [0x0000000080000000, 0x0000000100000000)
  region size 1024K, 6 young (6144K), 6 survivors (6144K)
 Metaspace       used 97527K, capacity 99758K, committed 99792K, reserved 1136640K
  class space    used 12346K, capacity 13164K, committed 13184K, reserved 1048576K
}
Event: 168.240 GC heap before
{Heap before GC invocations=111 (full 0):
 garbage-first heap   total 176128K, used 140941K [0x0000000080000000, 0x0000000100000000)
  region size 1024K, 21 young (21504K), 6 survivors (6144K)
 Metaspace       used 100342K, capacity 102633K, committed 102864K, reserved 1138688K
  class space    used 12742K, capacity 13614K, committed 13696K, reserved 1048576K
}
Event: 168.260 GC heap after
{Heap after GC invocations=112 (full 0):
 garbage-first heap   total 176128K, used 125296K [0x0000000080000000, 0x0000000100000000)
  region size 1024K, 3 young (3072K), 3 survivors (3072K)
 Metaspace       used 100342K, capacity 102633K, committed 102864K, reserved 1138688K
  class space    used 12742K, capacity 13614K, committed 13696K, reserved 1048576K
}
Event: 168.374 GC heap before
{Heap before GC invocations=112 (full 0):
 garbage-first heap   total 185344K, used 183664K [0x0000000080000000, 0x0000000100000000)
  region size 1024K, 19 young (19456K), 3 survivors (3072K)
 Metaspace       used 100349K, capacity 102633K, committed 102864K, reserved 1138688K
  class space    used 12742K, capacity 13614K, committed 13696K, reserved 1048576K
}
Event: 168.388 GC heap after
{Heap after GC invocations=113 (full 0):
 garbage-first heap   total 232448K, used 146826K [0x0000000080000000, 0x0000000100000000)
  region size 1024K, 3 young (3072K), 3 survivors (3072K)
 Metaspace       used 100349K, capacity 102633K, committed 102864K, reserved 1138688K
  class space    used 12742K, capacity 13614K, committed 13696K, reserved 1048576K
}
Event: 169.848 GC heap before
{Heap before GC invocations=114 (full 0):
 garbage-first heap   total 232448K, used 186762K [0x0000000080000000, 0x0000000100000000)
  region size 1024K, 41 young (41984K), 3 survivors (3072K)
 Metaspace       used 100624K, capacity 102865K, committed 103120K, reserved 1138688K
  class space    used 12785K, capacity 13648K, committed 13696K, reserved 1048576K
}
Event: 169.948 GC heap after
{Heap after GC invocations=115 (full 0):
 garbage-first heap   total 232448K, used 163269K [0x0000000080000000, 0x0000000100000000)
  region size 1024K, 6 young (6144K), 6 survivors (6144K)
 Metaspace       used 100624K, capacity 102865K, committed 103120K, reserved 1138688K
  class space    used 12785K, capacity 13648K, committed 13696K, reserved 1048576K
}
Event: 170.457 GC heap before
{Heap before GC invocations=115 (full 0):
 garbage-first heap   total 232448K, used 188869K [0x0000000080000000, 0x0000000100000000)
  region size 1024K, 31 young (31744K), 6 survivors (6144K)
 Metaspace       used 100625K, capacity 102865K, committed 103120K, reserved 1138688K
  class space    used 12785K, capacity 13648K, committed 13696K, reserved 1048576K
}
Event: 170.571 GC heap after
{Heap after GC invocations=116 (full 0):
 garbage-first heap   total 232448K, used 174532K [0x0000000080000000, 0x0000000100000000)
  region size 1024K, 4 young (4096K), 4 survivors (4096K)
 Metaspace       used 100625K, capacity 102865K, committed 103120K, reserved 1138688K
  class space    used 12785K, capacity 13648K, committed 13696K, reserved 1048576K
}
Event: 171.215 GC heap before
{Heap before GC invocations=117 (full 0):
 garbage-first heap   total 232448K, used 193988K [0x0000000080000000, 0x0000000100000000)
  region size 1024K, 21 young (21504K), 4 survivors (4096K)
 Metaspace       used 100642K, capacity 102865K, committed 103120K, reserved 1138688K
  class space    used 12786K, capacity 13648K, committed 13696K, reserved 1048576K
}
Event: 171.279 GC heap after
{Heap after GC invocations=118 (full 0):
 garbage-first heap   total 232448K, used 184320K [0x0000000080000000, 0x0000000100000000)
  region size 1024K, 3 young (3072K), 3 survivors (3072K)
 Metaspace       used 100642K, capacity 102865K, committed 103120K, reserved 1138688K
  class space    used 12786K, capacity 13648K, committed 13696K, reserved 1048576K
}
Event: 173.645 GC heap before
{Heap before GC invocations=118 (full 0):
 garbage-first heap   total 232448K, used 195584K [0x0000000080000000, 0x0000000100000000)
  region size 1024K, 15 young (15360K), 3 survivors (3072K)
 Metaspace       used 102944K, capacity 105254K, committed 105424K, reserved 1140736K
  class space    used 13237K, capacity 14124K, committed 14208K, reserved 1048576K
}
Event: 173.721 GC heap after
{Heap after GC invocations=119 (full 0):
 garbage-first heap   total 232448K, used 188416K [0x0000000080000000, 0x0000000100000000)
  region size 1024K, 2 young (2048K), 2 survivors (2048K)
 Metaspace       used 102944K, capacity 105254K, committed 105424K, reserved 1140736K
  class space    used 13237K, capacity 14124K, committed 14208K, reserved 1048576K
}
Event: 174.840 GC heap before
{Heap before GC invocations=120 (full 0):
 garbage-first heap   total 232448K, used 197632K [0x0000000080000000, 0x0000000100000000)
  region size 1024K, 12 young (12288K), 2 survivors (2048K)
 Metaspace       used 102985K, capacity 105319K, committed 105424K, reserved 1140736K
  class space    used 13237K, capacity 14124K, committed 14208K, reserved 1048576K
}

Deoptimization events (20 events):
Event: 170.406 Thread 0x000002650cb1e000 DEOPT PACKING pc=0x000002656f99b026 sp=0x000000d5060fd9b0
Event: 170.406 Thread 0x000002650cb1e000 DEOPT UNPACKING pc=0x000002656d86a95e sp=0x000000d5060fd060 mode 0
Event: 170.407 Thread 0x000002650cb1e000 DEOPT PACKING pc=0x000002656f99b026 sp=0x000000d5060fd9b0
Event: 170.408 Thread 0x000002650cb1e000 DEOPT UNPACKING pc=0x000002656d86a95e sp=0x000000d5060fd060 mode 0
Event: 170.409 Thread 0x000002650cb1e000 DEOPT PACKING pc=0x000002656f99b026 sp=0x000000d5060fd9b0
Event: 170.409 Thread 0x000002650cb1e000 DEOPT UNPACKING pc=0x000002656d86a95e sp=0x000000d5060fd060 mode 0
Event: 171.013 Thread 0x000002650cb1e000 Uncommon trap: trap_request=0xffffff4d fr.pc=0x0000026575aca140 relative=0x0000000000001080
Event: 171.013 Thread 0x000002650cb1e000 Uncommon trap: reason=unstable_if action=reinterpret pc=0x0000026575aca140 method=java.util.concurrent.ConcurrentHashMap.putVal(Ljava/lang/Object;Ljava/lang/Object;Z)Ljava/lang/Object; @ 401 c2
Event: 171.013 Thread 0x000002650cb1e000 DEOPT PACKING pc=0x0000026575aca140 sp=0x000000d5060fdae0
Event: 171.013 Thread 0x000002650cb1e000 DEOPT UNPACKING pc=0x000002656d86a1af sp=0x000000d5060fda60 mode 2
Event: 171.365 Thread 0x000002650cb19000 Uncommon trap: trap_request=0xffffff5c fr.pc=0x0000026575472f68 relative=0x00000000000013a8
Event: 171.365 Thread 0x000002650cb19000 Uncommon trap: reason=speculate_null_assert action=make_not_entrant pc=0x0000026575472f68 method=java.lang.invoke.MethodType$ConcurrentWeakInternSet.add(Ljava/lang/Object;)Ljava/lang/Object; @ 47 c2
Event: 171.365 Thread 0x000002650cb19000 DEOPT PACKING pc=0x0000026575472f68 sp=0x000000d5062fdb00
Event: 171.365 Thread 0x000002650cb19000 DEOPT UNPACKING pc=0x000002656d86a1af sp=0x000000d5062fda88 mode 2
Event: 173.958 Thread 0x000002650cb19000 Uncommon trap: trap_request=0xffffff4d fr.pc=0x0000026575b19c68 relative=0x0000000000006cc8
Event: 173.958 Thread 0x000002650cb19000 Uncommon trap: reason=unstable_if action=reinterpret pc=0x0000026575b19c68 method=com.android.tools.r8.code.y1.a(Ljava/nio/ShortBuffer;IILcom/android/tools/r8/internal/pL;)[Lcom/android/tools/r8/code/w1; @ 541 c2
Event: 173.958 Thread 0x000002650cb19000 DEOPT PACKING pc=0x0000026575b19c68 sp=0x000000d5062fe5c0
Event: 173.958 Thread 0x000002650cb19000 DEOPT UNPACKING pc=0x000002656d86a1af sp=0x000000d5062fe5a8 mode 2
Event: 174.729 Thread 0x000002650cb1a000 DEOPT PACKING pc=0x000002656fa0285b sp=0x000000d5061feba0
Event: 174.729 Thread 0x000002650cb1a000 DEOPT UNPACKING pc=0x000002656d86a95e sp=0x000000d5061fe0f8 mode 0

Classes redefined (0 events):
No events

Internal exceptions (20 events):
Event: 164.410 Thread 0x00000265070d0000 Exception <a 'sun/nio/fs/WindowsException'{0x000000008a8487f8}> (0x000000008a8487f8) thrown at [./src/hotspot/share/prims/jni.cpp, line 616]
Event: 164.412 Thread 0x00000265070d0000 Exception <a 'sun/nio/fs/WindowsException'{0x000000008a848ba8}> (0x000000008a848ba8) thrown at [./src/hotspot/share/prims/jni.cpp, line 616]
Event: 164.412 Thread 0x00000265070d0000 Exception <a 'sun/nio/fs/WindowsException'{0x000000008a849d00}> (0x000000008a849d00) thrown at [./src/hotspot/share/prims/jni.cpp, line 616]
Event: 164.412 Thread 0x00000265070d0000 Exception <a 'sun/nio/fs/WindowsException'{0x000000008a849fe0}> (0x000000008a849fe0) thrown at [./src/hotspot/share/prims/jni.cpp, line 616]
Event: 164.413 Thread 0x00000265070d0000 Exception <a 'sun/nio/fs/WindowsException'{0x000000008a84b108}> (0x000000008a84b108) thrown at [./src/hotspot/share/prims/jni.cpp, line 616]
Event: 164.434 Thread 0x00000265070d0000 Exception <a 'java/lang/NoSuchMethodError'{0x000000008a736da0}: <clinit>> (0x000000008a736da0) thrown at [./src/hotspot/share/prims/jni.cpp, line 1366]
Event: 164.445 Thread 0x00000265070d0000 Exception <a 'java/lang/NoSuchMethodError'{0x000000008a77c808}: <clinit>> (0x000000008a77c808) thrown at [./src/hotspot/share/prims/jni.cpp, line 1366]
Event: 164.449 Thread 0x00000265070d0000 Exception <a 'java/lang/NoSuchMethodError'{0x000000008a7901c0}: <clinit>> (0x000000008a7901c0) thrown at [./src/hotspot/share/prims/jni.cpp, line 1366]
Event: 165.906 Thread 0x00000265070ce800 Exception <a 'java/lang/NoSuchMethodError'{0x0000000089b63888}: 'void java.lang.invoke.DirectMethodHandle$Holder.invokeStatic(java.lang.Object, long)'> (0x0000000089b63888) thrown at [./src/hotspot/share/interpreter/linkResolver.cpp, line 773]
Event: 165.908 Thread 0x00000265070ce800 Exception <a 'java/lang/NoSuchMethodError'{0x0000000089b68d48}: 'java.lang.Object java.lang.invoke.DirectMethodHandle$Holder.invokeStatic(java.lang.Object, long)'> (0x0000000089b68d48) thrown at [./src/hotspot/share/interpreter/linkResolver.cpp, line 773]
Event: 165.937 Thread 0x00000265070ce800 Exception <a 'java/lang/NoSuchMethodError'{0x0000000088fbf598}: 'java.lang.Object java.lang.invoke.DirectMethodHandle$Holder.invokeStaticInit(java.lang.Object, java.lang.Object, long, java.lang.Object)'> (0x0000000088fbf598) thrown at [./src/hotspot/share/interpreter/linkResolver.cpp, line 773]
Event: 165.939 Thread 0x00000265070ce800 Exception <a 'java/lang/NoSuchMethodError'{0x0000000088fc5730}: 'java.lang.Object java.lang.invoke.DirectMethodHandle$Holder.invokeStatic(java.lang.Object, java.lang.Object, long)'> (0x0000000088fc5730) thrown at [./src/hotspot/share/interpreter/linkResolver.cpp, line 773]
Event: 165.941 Thread 0x00000265070ce800 Exception <a 'java/lang/NoSuchMethodError'{0x0000000088fcbca8}: 'java.lang.Object java.lang.invoke.Invokers$Holder.linkToTargetMethod(java.lang.Object, long, java.lang.Object)'> (0x0000000088fcbca8) thrown at [./src/hotspot/share/interpreter/linkResolver.cpp, line 773]
Event: 166.996 Thread 0x00000265070ce800 Exception <a 'java/lang/NoSuchMethodError'{0x00000000884e5fc8}: 'int java.lang.invoke.DirectMethodHandle$Holder.invokeSpecialIFC(java.lang.Object, java.lang.Object, java.lang.Object)'> (0x00000000884e5fc8) thrown at [./src/hotspot/share/interpreter/linkResolver.cpp, line 773]
Event: 167.402 Thread 0x000002650cb1e000 Exception <a 'sun/nio/fs/WindowsException'{0x000000008a893348}> (0x000000008a893348) thrown at [./src/hotspot/share/prims/jni.cpp, line 616]
Event: 167.604 Thread 0x000002650cb1e000 Exception <a 'java/lang/NoSuchMethodError'{0x000000008a63a020}: 'java.lang.Object java.lang.invoke.DirectMethodHandle$Holder.newInvokeSpecial(java.lang.Object, int)'> (0x000000008a63a020) thrown at [./src/hotspot/share/interpreter/linkResolver.cpp, line 773]
Event: 168.206 Thread 0x000002650cb1e000 Exception <a 'java/lang/NoSuchMethodError'{0x000000008a0c7680}: 'java.lang.Object java.lang.invoke.DirectMethodHandle$Holder.invokeStaticInit(java.lang.Object, java.lang.Object, java.lang.Object, java.lang.Object, java.lang.Object, java.lang.Object, java.lang.Object, java.lang.Object, java.lang.Object, java.lang.Object, java.lang.Object, java.lang.Object, java.lang.Object, java.lang.Object, java.lang.Object, java.lang.Object, java.lang.Object, java.lang.Object, int, java.lang.Object, java.lang.Object)'> (0
Event: 171.297 Thread 0x000002650cb1a000 Exception <a 'java/lang/IncompatibleClassChangeError'{0x000000008e18d020}: Found class java.lang.Object, but interface was expected> (0x000000008e18d020) thrown at [./src/hotspot/share/interpreter/linkResolver.cpp, line 839]
Event: 171.607 Thread 0x000002650cb1a000 Exception <a 'java/lang/IncompatibleClassChangeError'{0x000000008df3b850}: Found class java.lang.Object, but interface was expected> (0x000000008df3b850) thrown at [./src/hotspot/share/interpreter/linkResolver.cpp, line 839]
Event: 171.849 Thread 0x000002650cb1a000 Exception <a 'java/lang/IncompatibleClassChangeError'{0x000000008df410c8}: Found class java.lang.Object, but interface was expected> (0x000000008df410c8) thrown at [./src/hotspot/share/interpreter/linkResolver.cpp, line 839]

Events (20 events):
Event: 173.280 loading class com/android/tools/r8/internal/d00 done
Event: 173.280 loading class com/android/tools/r8/graph/T0
Event: 173.280 loading class com/android/tools/r8/graph/T0 done
Event: 173.282 loading class com/android/tools/r8/graph/N2
Event: 173.282 loading class com/android/tools/r8/graph/N2 done
Event: 173.282 loading class com/android/tools/r8/internal/qK
Event: 173.282 loading class com/android/tools/r8/internal/qK done
Event: 173.283 loading class com/android/tools/r8/internal/vK
Event: 173.283 loading class com/android/tools/r8/internal/vK done
Event: 173.287 loading class com/android/tools/r8/internal/kl
Event: 173.287 loading class com/android/tools/r8/internal/kl done
Event: 173.293 loading class com/android/tools/r8/internal/PD
Event: 173.293 loading class com/android/tools/r8/internal/PD done
Event: 173.645 Executing VM operation: G1CollectForAllocation
Event: 173.721 Executing VM operation: G1CollectForAllocation done
Event: 174.195 Executing VM operation: CGC_Operation
Event: 174.237 Executing VM operation: CGC_Operation done
Event: 174.442 Executing VM operation: CGC_Operation
Event: 174.442 Executing VM operation: CGC_Operation done
Event: 174.837 Executing VM operation: G1CollectForAllocation


Dynamic libraries:
0x00007ff761870000 - 0x00007ff76187a000 	C:\Program Files\Android\Android Studio\jre\bin\java.exe
0x00007ffa11090000 - 0x00007ffa11288000 	C:\Windows\SYSTEM32\ntdll.dll
0x00007ffa0f3e0000 - 0x00007ffa0f49f000 	C:\Windows\System32\KERNEL32.DLL
0x00007ffa0eb80000 - 0x00007ffa0ee52000 	C:\Windows\System32\KERNELBASE.dll
0x00007ffa0e950000 - 0x00007ffa0ea50000 	C:\Windows\System32\ucrtbase.dll
0x00007ffa08290000 - 0x00007ffa082a9000 	C:\Program Files\Android\Android Studio\jre\bin\jli.dll
0x00007ffa0fdf0000 - 0x00007ffa0ff91000 	C:\Windows\System32\USER32.dll
0x00007ffa0ea50000 - 0x00007ffa0ea72000 	C:\Windows\System32\win32u.dll
0x00007ffa0f4c0000 - 0x00007ffa0f4eb000 	C:\Windows\System32\GDI32.dll
0x00007ffa0ee60000 - 0x00007ffa0ef6f000 	C:\Windows\System32\gdi32full.dll
0x00007ffa0e8b0000 - 0x00007ffa0e94d000 	C:\Windows\System32\msvcp_win.dll
0x00007ffa04830000 - 0x00007ffa04847000 	C:\Program Files\Android\Android Studio\jre\bin\VCRUNTIME140.dll
0x00007ffa00310000 - 0x00007ffa005aa000 	C:\Windows\WinSxS\amd64_microsoft.windows.common-controls_6595b64144ccf1df_6.0.19041.1110_none_60b5254171f9507e\COMCTL32.dll
0x00007ffa0fca0000 - 0x00007ffa0fd3e000 	C:\Windows\System32\msvcrt.dll
0x00007ffa10e30000 - 0x00007ffa10e62000 	C:\Windows\System32\IMM32.DLL
0x00007ff9feff0000 - 0x00007ff9ff08d000 	C:\Program Files\Android\Android Studio\jre\bin\msvcp140.dll
0x00007ff9e27e0000 - 0x00007ff9e32e2000 	C:\Program Files\Android\Android Studio\jre\bin\server\jvm.dll
0x00007ffa0fd40000 - 0x00007ffa0fdee000 	C:\Windows\System32\ADVAPI32.dll
0x00007ffa0ffa0000 - 0x00007ffa1003c000 	C:\Windows\System32\sechost.dll
0x00007ffa0f550000 - 0x00007ffa0f675000 	C:\Windows\System32\RPCRT4.dll
0x00007ffa10670000 - 0x00007ffa10678000 	C:\Windows\System32\PSAPI.DLL
0x00007ffa04af0000 - 0x00007ffa04b17000 	C:\Windows\SYSTEM32\WINMM.dll
0x00007ff9ff9e0000 - 0x00007ff9ff9e9000 	C:\Windows\SYSTEM32\WSOCK32.dll
0x00007ffa04ae0000 - 0x00007ffa04aea000 	C:\Windows\SYSTEM32\VERSION.dll
0x00007ffa10040000 - 0x00007ffa100ab000 	C:\Windows\System32\WS2_32.dll
0x00007ffa0c4f0000 - 0x00007ffa0c502000 	C:\Windows\SYSTEM32\kernel.appcore.dll
0x00007ff9ff680000 - 0x00007ff9ff691000 	C:\Program Files\Android\Android Studio\jre\bin\verify.dll
0x00007ff9fd800000 - 0x00007ff9fd9e4000 	C:\Windows\SYSTEM32\DBGHELP.DLL
0x00007ff9fd7c0000 - 0x00007ff9fd7f5000 	C:\Windows\SYSTEM32\dbgcore.DLL
0x00007ffa0eaf0000 - 0x00007ffa0eb72000 	C:\Windows\System32\bcryptPrimitives.dll
0x00007ff9ff280000 - 0x00007ff9ff2a9000 	C:\Program Files\Android\Android Studio\jre\bin\java.dll
0x00007ff9ff820000 - 0x00007ff9ff82b000 	C:\Program Files\Android\Android Studio\jre\bin\jimage.dll
0x00007ff9ff530000 - 0x00007ff9ff548000 	C:\Program Files\Android\Android Studio\jre\bin\zip.dll
0x00007ffa10680000 - 0x00007ffa10dc4000 	C:\Windows\System32\SHELL32.dll
0x00007ffa0c800000 - 0x00007ffa0cf92000 	C:\Windows\SYSTEM32\windows.storage.dll
0x00007ffa101f0000 - 0x00007ffa10545000 	C:\Windows\System32\combase.dll
0x00007ffa0e020000 - 0x00007ffa0e050000 	C:\Windows\SYSTEM32\Wldp.dll
0x00007ffa100b0000 - 0x00007ffa1015d000 	C:\Windows\System32\SHCORE.dll
0x00007ffa0f700000 - 0x00007ffa0f755000 	C:\Windows\System32\shlwapi.dll
0x00007ffa0e6c0000 - 0x00007ffa0e6df000 	C:\Windows\SYSTEM32\profapi.dll
0x00007ff9ff4c0000 - 0x00007ff9ff4da000 	C:\Program Files\Android\Android Studio\jre\bin\net.dll
0x00007ffa00740000 - 0x00007ffa0084c000 	C:\Windows\SYSTEM32\WINHTTP.dll
0x00007ffa0de00000 - 0x00007ffa0de6a000 	C:\Windows\system32\mswsock.dll
0x00007ff9fedb0000 - 0x00007ff9fedc4000 	C:\Program Files\Android\Android Studio\jre\bin\nio.dll
0x00007ffa04850000 - 0x00007ffa04877000 	C:\Users\MARCO\.gradle\native\e1d6ef7f7dcc3fd88c89a11ec53ec762bb8ba0a96d01ffa2cd45eb1d1d8dd5c5\windows-amd64\native-platform.dll
0x00007ff9e15f0000 - 0x00007ff9e1734000 	C:\Users\MARCO\.gradle\native\0d407fdbe67a94daf76414ababcb853783967236a71b16ec16e742cd7a986fd3\windows-amd64\native-platform-file-events.dll
0x00007ff9ff670000 - 0x00007ff9ff67a000 	C:\Program Files\Android\Android Studio\jre\bin\management.dll
0x00007ff9ff490000 - 0x00007ff9ff49d000 	C:\Program Files\Android\Android Studio\jre\bin\management_ext.dll
0x00007ffa0e060000 - 0x00007ffa0e078000 	C:\Windows\SYSTEM32\CRYPTSP.dll
0x00007ffa0d740000 - 0x00007ffa0d774000 	C:\Windows\system32\rsaenh.dll
0x00007ffa0e830000 - 0x00007ffa0e857000 	C:\Windows\System32\bcrypt.dll
0x00007ffa0e680000 - 0x00007ffa0e6ae000 	C:\Windows\SYSTEM32\USERENV.dll
0x00007ffa0df90000 - 0x00007ffa0df9c000 	C:\Windows\SYSTEM32\CRYPTBASE.dll
0x00007ffa0db10000 - 0x00007ffa0db4b000 	C:\Windows\SYSTEM32\IPHLPAPI.DLL
0x00007ffa0f680000 - 0x00007ffa0f688000 	C:\Windows\System32\NSI.dll
0x00007ffa013b0000 - 0x00007ffa013c7000 	C:\Windows\SYSTEM32\dhcpcsvc6.DLL
0x00007ffa03aa0000 - 0x00007ffa03abd000 	C:\Windows\SYSTEM32\dhcpcsvc.DLL
0x00007ffa0db50000 - 0x00007ffa0dc1a000 	C:\Windows\SYSTEM32\DNSAPI.dll
0x00007ffa0d860000 - 0x00007ffa0d893000 	C:\Windows\SYSTEM32\ntmarta.dll

dbghelp: loaded successfully - version: 4.0.5 - missing functions: none
symbol engine: initialized successfully - sym options: 0x614 - pdb path: .;C:\Program Files\Android\Android Studio\jre\bin;C:\Windows\SYSTEM32;C:\Windows\WinSxS\amd64_microsoft.windows.common-controls_6595b64144ccf1df_6.0.19041.1110_none_60b5254171f9507e;C:\Program Files\Android\Android Studio\jre\bin\server;C:\Users\MARCO\.gradle\native\e1d6ef7f7dcc3fd88c89a11ec53ec762bb8ba0a96d01ffa2cd45eb1d1d8dd5c5\windows-amd64;C:\Users\MARCO\.gradle\native\0d407fdbe67a94daf76414ababcb853783967236a71b16ec16e742cd7a986fd3\windows-amd64

VM Arguments:
jvm_args: --add-opens=java.base/java.util=ALL-UNNAMED --add-opens=java.base/java.lang=ALL-UNNAMED --add-opens=java.base/java.lang.invoke=ALL-UNNAMED --add-opens=java.base/java.util=ALL-UNNAMED --add-opens=java.prefs/java.util.prefs=ALL-UNNAMED --add-opens=java.prefs/java.util.prefs=ALL-UNNAMED --add-opens=java.base/java.nio.charset=ALL-UNNAMED --add-opens=java.base/java.net=ALL-UNNAMED --add-opens=java.base/java.util.concurrent.atomic=ALL-UNNAMED -Xmx2048m -Dfile.encoding=UTF-8 -Duser.country=ID -Duser.language=en -Duser.variant 
java_command: org.gradle.launcher.daemon.bootstrap.GradleDaemon 7.4
java_class_path (initial): C:\Users\MARCO\.gradle\wrapper\dists\gradle-7.4-bin\c0gwcg53nkjbqw7r0h0umtfvt\gradle-7.4\lib\gradle-launcher-7.4.jar
Launcher Type: SUN_STANDARD

[Global flags]
     intx CICompilerCount                          = 2                                         {product} {ergonomic}
     uint ConcGCThreads                            = 1                                         {product} {ergonomic}
     uint G1ConcRefinementThreads                  = 2                                         {product} {ergonomic}
   size_t G1HeapRegionSize                         = 1048576                                   {product} {ergonomic}
    uintx GCDrainStackTargetSize                   = 64                                        {product} {ergonomic}
   size_t InitialHeapSize                          = 58720256                                  {product} {ergonomic}
   size_t MarkStackSize                            = 4194304                                   {product} {ergonomic}
   size_t MaxHeapSize                              = 2147483648                                {product} {command line}
   size_t MaxNewSize                               = 1287651328                                {product} {ergonomic}
   size_t MinHeapDeltaBytes                        = 1048576                                   {product} {ergonomic}
    uintx NonNMethodCodeHeapSize                   = 5825164                                {pd product} {ergonomic}
    uintx NonProfiledCodeHeapSize                  = 122916538                              {pd product} {ergonomic}
    uintx ProfiledCodeHeapSize                     = 122916538                              {pd product} {ergonomic}
    uintx ReservedCodeCacheSize                    = 251658240                              {pd product} {ergonomic}
     bool SegmentedCodeCache                       = true                                      {product} {ergonomic}
     bool UseCompressedClassPointers               = true                                 {lp64_product} {ergonomic}
     bool UseCompressedOops                        = true                                 {lp64_product} {ergonomic}
     bool UseG1GC                                  = true                                      {product} {ergonomic}
     bool UseLargePagesIndividualAllocation        = false                                  {pd product} {ergonomic}

Logging:
Log output configuration:
 #0: stdout all=warning uptime,level,tags
 #1: stderr all=off uptime,level,tags

Environment Variables:
PATH=C:\Windows\system32;C:\Windows;C:\Windows\System32\Wbem;C:\Windows\System32\WindowsPowerShell\v1.0\;C:\Windows\System32\OpenSSH\;C:\Program Files\Microsoft VS Code\bin;C:\Program Files\Git\cmd;C:\Users\MARCO\AppData\Local\Microsoft\WindowsApps;
USERNAME=Marco
OS=Windows_NT
PROCESSOR_IDENTIFIER=AMD64 Family 21 Model 112 Stepping 0, AuthenticAMD



---------------  S Y S T E M  ---------------

OS: Windows 10 , 64 bit Build 19041 (10.0.19041.2364)
OS uptime: 0 days 3:45 hours
Hyper-V role detected

CPU:total 2 (initial active 2) (2 cores per cpu, 1 threads per core) family 21 model 112 stepping 0 microcode 0x0, cmov, cx8, fxsr, mmx, sse, sse2, sse3, ssse3, sse4.1, sse4.2, popcnt, avx, avx2, aes, clmul, mmxext, 3dnowpref, lzcnt, sse4a, tsc, tscinvbit, tscinv, bmi1, bmi2, fma

Memory: 4k page, system-wide physical 3471M (75M free)
TotalPageFile size 7471M (AvailPageFile size 109M)
current process WorkingSet (physical memory assigned to process): 458M, peak: 460M
current process commit charge ("private bytes"): 530M, peak: 675M

vm_info: OpenJDK 64-Bit Server VM (11.0.13+0-b1751.21-8125866) for windows-amd64 JRE (11.0.13+0-b1751.21-8125866), built on Feb  2 2022 03:00:22 by "builder" with MS VC++ 14.0 (VS2015)

END.
